Сборка начата 24.03.2021 14:05:08.
     1>Проект "C:\БГТУ\МП\lab_2\LP_LAB-02\LP_LAB-02.01\LP_LAB-02.01.vcxproj" в узле 2 (целевые объекты Build).
     1>InitializeBuildStatus:
         Создание "Debug\LP_LAB-02.01.tlog\unsuccessfulbuild", так как было задано "AlwaysCreate".
       ClCompile:
         C:\Program Files (x86)\Microsoft Visual Studio\2017\Community\VC\Tools\MSVC\14.16.27023\bin\HostX86\x86\CL.exe /c /ZI /JMC /nologo /W3 /WX- /diagnostics:classic /sdl /Od /Oy- /D _UNICODE /D UNICODE /Gm- /EHsc /RTC1 /MDd /GS /fp:precise /permissive- /Zc:wchar_t /Zc:forScope /Zc:inline /Fo"Debug\\" /Fd"Debug\vc141.pdb" /Gd /TP /analyze- /FC /errorReport:prompt -finput-charset=utf-8 Combi.cpp Main.cpp
     1>cl : командная строка warning D9002: пропуск неизвестного параметра "-finput-charset=utf-8"
         Combi.cpp
     1>c:\бгту\мп\lab_2\lp_lab-02\lp_lab-02.01\combi.cpp(42): warning C4334: <<: результат 32-разрядного смещения неявно преобразуется в 64-разрядное значение (предполагалось 64-разрядное смещение?)
         Main.cpp
         Создание кода...
       Link:
         C:\Program Files (x86)\Microsoft Visual Studio\2017\Community\VC\Tools\MSVC\14.16.27023\bin\HostX86\x86\link.exe /ERRORREPORT:PROMPT /OUT:"C:\БГТУ\МП\lab_2\LP_LAB-02\Debug\LP_LAB-02.01.exe" /INCREMENTAL /NOLOGO kernel32.lib user32.lib gdi32.lib winspool.lib comdlg32.lib advapi32.lib shell32.lib ole32.lib oleaut32.lib uuid.lib odbc32.lib odbccp32.lib /MANIFEST /MANIFESTUAC:"level='asInvoker' uiAccess='false'" /manifest:embed /DEBUG:FASTLINK /PDB:"C:\БГТУ\МП\lab_2\LP_LAB-02\Debug\LP_LAB-02.01.pdb" /SUBSYSTEM:CONSOLE /TLBID:1 /DYNAMICBASE /NXCOMPAT /IMPLIB:"C:\БГТУ\МП\lab_2\LP_LAB-02\Debug\LP_LAB-02.01.lib" /MACHINE:X86 Debug\Combi.obj
         Debug\Main.obj
         LP_LAB-02.01.vcxproj -> C:\БГТУ\МП\lab_2\LP_LAB-02\Debug\LP_LAB-02.01.exe
       FinalizeBuildStatus:
         Файл "Debug\LP_LAB-02.01.tlog\unsuccessfulbuild" удаляется.
         Обращение к "Debug\LP_LAB-02.01.tlog\LP_LAB-02.01.lastbuildstate".
     1>Сборка проекта "C:\БГТУ\МП\lab_2\LP_LAB-02\LP_LAB-02.01\LP_LAB-02.01.vcxproj" завершена (целевые объекты Build).

Сборка успешно завершена.

       "C:\БГТУ\МП\lab_2\LP_LAB-02\LP_LAB-02.01\LP_LAB-02.01.vcxproj" (целевой объект Build ) (1) ->
       (ClCompile конечный объект) -> 
         cl : командная строка warning D9002: пропуск неизвестного параметра "-finput-charset=utf-8"
         c:\бгту\мп\lab_2\lp_lab-02\lp_lab-02.01\combi.cpp(42): warning C4334: <<: результат 32-разрядного смещения неявно преобразуется в 64-разрядное значение (предполагалось 64-разрядное смещение?)

    Предупреждений: 2
    Ошибок: 0

Прошло времени 00:00:01.78
